{"/Users/jade/workspace/hana4/ts/src/hi.ts": {"path":"/Users/jade/workspace/hana4/ts/src/hi.ts","statementMap":{"0":{"start":{"line":3,"column":0},"end":{"line":3,"column":16}},"1":{"start":{"line":1,"column":0},"end":{"line":1,"column":32}},"2":{"start":{"line":4,"column":2},"end":{"line":4,"column":15}},"3":{"start":{"line":7,"column":21},"end":{"line":10,"column":4}},"4":{"start":{"line":8,"column":2},"end":{"line":10,"column":4}},"5":{"start":{"line":9,"column":4},"end":{"line":9,"column":44}},"6":{"start":{"line":9,"column":21},"end":{"line":9,"column":35}},"7":{"start":{"line":7,"column":13},"end":{"line":7,"column":21}},"8":{"start":{"line":12,"column":24},"end":{"line":13,"column":39}},"9":{"start":{"line":13,"column":2},"end":{"line":13,"column":39}},"10":{"start":{"line":13,"column":25},"end":{"line":13,"column":38}},"11":{"start":{"line":12,"column":13},"end":{"line":12,"column":24}}},"fnMap":{"0":{"name":"add","decl":{"start":{"line":3,"column":16},"end":{"line":3,"column":19}},"loc":{"start":{"line":3,"column":40},"end":{"line":5,"column":1}}},"1":{"name":"(anonymous_1)","decl":{"start":{"line":7,"column":21},"end":{"line":7,"column":22}},"loc":{"start":{"line":8,"column":2},"end":{"line":10,"column":4}}},"2":{"name":"(anonymous_2)","decl":{"start":{"line":8,"column":14},"end":{"line":8,"column":15}},"loc":{"start":{"line":8,"column":34},"end":{"line":10,"column":3}}},"3":{"name":"(anonymous_3)","decl":{"start":{"line":9,"column":15},"end":{"line":9,"column":18}},"loc":{"start":{"line":9,"column":21},"end":{"line":9,"column":35}}},"4":{"name":"(anonymous_4)","decl":{"start":{"line":12,"column":24},"end":{"line":12,"column":25}},"loc":{"start":{"line":13,"column":2},"end":{"line":13,"column":39}}},"5":{"name":"(anonymous_5)","decl":{"start":{"line":13,"column":13},"end":{"line":13,"column":14}},"loc":{"start":{"line":13,"column":25},"end":{"line":13,"column":38}}}},"branchMap":{},"s":{"0":1,"1":1,"2":2,"3":1,"4":1,"5":1,"6":1,"7":1,"8":1,"9":1,"10":2,"11":1},"f":{"0":2,"1":1,"2":1,"3":1,"4":1,"5":2},"b":{}}
,"/Users/jade/workspace/hana4/ts/src/users.ts": {"path":"/Users/jade/workspace/hana4/ts/src/users.ts","statementMap":{"0":{"start":{"line":1,"column":17},"end":{"line":1,"column":46}},"1":{"start":{"line":5,"column":13},"end":{"line":8,"column":2}},"2":{"start":{"line":10,"column":24},"end":{"line":15,"column":1}},"3":{"start":{"line":12,"column":16},"end":{"line":12,"column":61}},"4":{"start":{"line":12,"column":50},"end":{"line":12,"column":60}},"5":{"start":{"line":14,"column":2},"end":{"line":14,"column":25}},"6":{"start":{"line":10,"column":13},"end":{"line":10,"column":24}},"7":{"start":{"line":17,"column":24},"end":{"line":24,"column":28}},"8":{"start":{"line":18,"column":2},"end":{"line":24,"column":28}},"9":{"start":{"line":24,"column":17},"end":{"line":24,"column":27}},"10":{"start":{"line":17,"column":13},"end":{"line":17,"column":24}},"11":{"start":{"line":26,"column":27},"end":{"line":33,"column":28}},"12":{"start":{"line":27,"column":2},"end":{"line":33,"column":28}},"13":{"start":{"line":33,"column":17},"end":{"line":33,"column":27}},"14":{"start":{"line":26,"column":13},"end":{"line":26,"column":27}},"15":{"start":{"line":35,"column":27},"end":{"line":38,"column":28}},"16":{"start":{"line":36,"column":2},"end":{"line":38,"column":28}},"17":{"start":{"line":38,"column":17},"end":{"line":38,"column":27}},"18":{"start":{"line":35,"column":13},"end":{"line":35,"column":27}}},"fnMap":{"0":{"name":"(anonymous_0)","decl":{"start":{"line":10,"column":24},"end":{"line":10,"column":29}},"loc":{"start":{"line":10,"column":35},"end":{"line":15,"column":1}}},"1":{"name":"(anonymous_1)","decl":{"start":{"line":12,"column":43},"end":{"line":12,"column":46}},"loc":{"start":{"line":12,"column":50},"end":{"line":12,"column":60}}},"2":{"name":"(anonymous_2)","decl":{"start":{"line":17,"column":24},"end":{"line":17,"column":29}},"loc":{"start":{"line":18,"column":2},"end":{"line":24,"column":28}}},"3":{"name":"(anonymous_3)","decl":{"start":{"line":24,"column":10},"end":{"line":24,"column":13}},"loc":{"start":{"line":24,"column":17},"end":{"line":24,"column":27}}},"4":{"name":"(anonymous_4)","decl":{"start":{"line":26,"column":27},"end":{"line":26,"column":32}},"loc":{"start":{"line":27,"column":2},"end":{"line":33,"column":28}}},"5":{"name":"(anonymous_5)","decl":{"start":{"line":33,"column":10},"end":{"line":33,"column":13}},"loc":{"start":{"line":33,"column":17},"end":{"line":33,"column":27}}},"6":{"name":"(anonymous_6)","decl":{"start":{"line":35,"column":27},"end":{"line":35,"column":32}},"loc":{"start":{"line":36,"column":2},"end":{"line":38,"column":28}}},"7":{"name":"(anonymous_7)","decl":{"start":{"line":38,"column":10},"end":{"line":38,"column":13}},"loc":{"start":{"line":38,"column":17},"end":{"line":38,"column":27}}}},"branchMap":{},"s":{"0":2,"1":2,"2":2,"3":4,"4":4,"5":4,"6":2,"7":2,"8":1,"9":1,"10":2,"11":2,"12":1,"13":1,"14":2,"15":2,"16":1,"17":1,"18":2},"f":{"0":4,"1":4,"2":1,"3":1,"4":1,"5":1,"6":1,"7":1},"b":{}}
}
